<?xml version="1.0" encoding="UTF-8"?>
<!-- Generated by org.testng.reporters.JUnitReportReporter -->
<testsuite hostname="Mayuri" name="com.Automation.Testing.Testing" tests="1" failures="0" timestamp="24 Mar 2019 17:02:32 GMT" time="19.828" errors="0">
  <testcase name="testHomePageOpens" time="19.828" classname="com.Automation.Testing.Testing"/>
</testsuite> <!-- com.Automation.Testing.Testing -->
